<?xml version="1.0" encoding="UTF-8"?>
<testsuite name="cz.upce.fe.cv02.service.AppUserServiceTest" tests="1" skipped="0" failures="0" errors="0" timestamp="2023-03-15T14:45:16" hostname="DESKTOP-D3EE51F" time="0.626">
  <properties/>
  <testcase name="findById()" classname="cz.upce.fe.cv02.service.AppUserServiceTest" time="0.626"/>
  <system-out><![CDATA[15:44:58.344 [Test worker] DEBUG org.springframework.test.context.BootstrapUtils - Instantiating CacheAwareContextLoaderDelegate from class [org.springframework.test.context.cache.DefaultCacheAwareContextLoaderDelegate]
15:44:58.386 [Test worker] DEBUG org.springframework.test.context.BootstrapUtils - Instantiating BootstrapContext using constructor [public org.springframework.test.context.support.DefaultBootstrapContext(java.lang.Class,org.springframework.test.context.CacheAwareContextLoaderDelegate)]
15:44:58.464 [Test worker] DEBUG org.springframework.test.context.BootstrapUtils - Instantiating TestContextBootstrapper for test class [cz.upce.fe.cv02.service.AppUserServiceTest] from class [org.springframework.boot.test.context.SpringBootTestContextBootstrapper]
15:44:58.503 [Test worker] INFO org.springframework.boot.test.context.SpringBootTestContextBootstrapper - Neither @ContextConfiguration nor @ContextHierarchy found for test class [cz.upce.fe.cv02.service.AppUserServiceTest], using SpringBootContextLoader
15:44:58.518 [Test worker] DEBUG org.springframework.test.context.support.AbstractContextLoader - Did not detect default resource location for test class [cz.upce.fe.cv02.service.AppUserServiceTest]: class path resource [cz/upce/fe/cv02/service/AppUserServiceTest-context.xml] does not exist
15:44:58.519 [Test worker] DEBUG org.springframework.test.context.support.AbstractContextLoader - Did not detect default resource location for test class [cz.upce.fe.cv02.service.AppUserServiceTest]: class path resource [cz/upce/fe/cv02/service/AppUserServiceTestContext.groovy] does not exist
15:44:58.519 [Test worker] INFO org.springframework.test.context.support.AbstractContextLoader - Could not detect default resource locations for test class [cz.upce.fe.cv02.service.AppUserServiceTest]: no resource found for suffixes {-context.xml, Context.groovy}.
15:44:58.521 [Test worker] INFO org.springframework.test.context.support.AnnotationConfigContextLoaderUtils - Could not detect default configuration classes for test class [cz.upce.fe.cv02.service.AppUserServiceTest]: AppUserServiceTest does not declare any static, non-private, non-final, nested classes annotated with @Configuration.
15:44:58.665 [Test worker] DEBUG org.springframework.test.context.support.ActiveProfilesUtils - Could not find an 'annotation declaring class' for annotation type [org.springframework.test.context.ActiveProfiles] and class [cz.upce.fe.cv02.service.AppUserServiceTest]
15:44:58.946 [Test worker] DEBUG org.springframework.context.annotation.ClassPathScanningCandidateComponentProvider - Identified candidate component class: file [C:\Users\duffi4545\Desktop\upce\2_sem\webové aplikace\ucitel\nnpia-cv04-main\build\classes\java\main\cz\upce\fe\cv02\Cv02Application.class]
15:44:58.952 [Test worker] INFO org.springframework.boot.test.context.SpringBootTestContextBootstrapper - Found @SpringBootConfiguration cz.upce.fe.cv02.Cv02Application for test class cz.upce.fe.cv02.service.AppUserServiceTest
15:44:59.360 [Test worker] DEBUG org.springframework.boot.test.context.SpringBootTestContextBootstrapper - @TestExecutionListeners is not present for class [cz.upce.fe.cv02.service.AppUserServiceTest]: using defaults.
15:44:59.362 [Test worker] INFO org.springframework.boot.test.context.SpringBootTestContextBootstrapper - Loaded default TestExecutionListener class names from location [META-INF/spring.factories]: [org.springframework.boot.test.autoconfigure.restdocs.RestDocsTestExecutionListener, org.springframework.boot.test.autoconfigure.web.client.MockRestServiceServerResetTestExecutionListener, org.springframework.boot.test.autoconfigure.web.servlet.MockMvcPrintOnlyOnFailureTestExecutionListener, org.springframework.boot.test.autoconfigure.web.servlet.WebDriverTestExecutionListener, org.springframework.boot.test.autoconfigure.webservices.client.MockWebServiceServerTestExecutionListener, org.springframework.boot.test.mock.mockito.MockitoTestExecutionListener, org.springframework.boot.test.mock.mockito.ResetMocksTestExecutionListener, org.springframework.test.context.web.ServletTestExecutionListener, org.springframework.test.context.support.DirtiesContextBeforeModesTestExecutionListener, org.springframework.test.context.event.ApplicationEventsTestExecutionListener, org.springframework.test.context.support.DependencyInjectionTestExecutionListener, org.springframework.test.context.support.DirtiesContextTestExecutionListener, org.springframework.test.context.transaction.TransactionalTestExecutionListener, org.springframework.test.context.jdbc.SqlScriptsTestExecutionListener, org.springframework.test.context.event.EventPublishingTestExecutionListener]
15:44:59.422 [Test worker] INFO org.springframework.boot.test.context.SpringBootTestContextBootstrapper - Using TestExecutionListeners: [org.springframework.test.context.web.ServletTestExecutionListener@7c22d4f, org.springframework.test.context.support.DirtiesContextBeforeModesTestExecutionListener@5f59185e, org.springframework.test.context.event.ApplicationEventsTestExecutionListener@60bdf15d, org.springframework.boot.test.mock.mockito.MockitoTestExecutionListener@47da3952, org.springframework.boot.test.autoconfigure.SpringBootDependencyInjectionTestExecutionListener@51e4ccb3, org.springframework.test.context.support.DirtiesContextTestExecutionListener@46e8a539, org.springframework.test.context.transaction.TransactionalTestExecutionListener@495083a0, org.springframework.test.context.jdbc.SqlScriptsTestExecutionListener@5fd62371, org.springframework.test.context.event.EventPublishingTestExecutionListener@28a0fd6c, org.springframework.boot.test.autoconfigure.restdocs.RestDocsTestExecutionListener@2b62442c, org.springframework.boot.test.autoconfigure.web.client.MockRestServiceServerResetTestExecutionListener@66629f63, org.springframework.boot.test.autoconfigure.web.servlet.MockMvcPrintOnlyOnFailureTestExecutionListener@841e575, org.springframework.boot.test.autoconfigure.web.servlet.WebDriverTestExecutionListener@27a5328c, org.springframework.boot.test.autoconfigure.webservices.client.MockWebServiceServerTestExecutionListener@1e5f4170, org.springframework.boot.test.mock.mockito.ResetMocksTestExecutionListener@6c345c5f]
15:44:59.438 [Test worker] DEBUG org.springframework.test.context.support.AbstractDirtiesContextTestExecutionListener - Before test class: context [DefaultTestContext@31024624 testClass = AppUserServiceTest, testInstance = [null], testMethod = [null], testException = [null], mergedContextConfiguration = [WebMergedContextConfiguration@25bcd0c7 testClass = AppUserServiceTest, locations = '{}', classes = '{class cz.upce.fe.cv02.Cv02Application}', contextInitializerClasses = '[]', activeProfiles = '{}', propertySourceLocations = '{}', propertySourceProperties = '{org.springframework.boot.test.context.SpringBootTestContextBootstrapper=true}', contextCustomizers = set[org.springframework.boot.test.autoconfigure.actuate.metrics.MetricsExportContextCustomizerFactory$DisableMetricExportContextCustomizer@4b3ed2f0, org.springframework.boot.test.autoconfigure.properties.PropertyMappingContextCustomizer@0, org.springframework.boot.test.autoconfigure.web.servlet.WebDriverContextCustomizerFactory$Customizer@59b38691, org.springframework.boot.test.context.filter.ExcludeFilterContextCustomizer@7502291e, org.springframework.boot.test.graphql.tester.HttpGraphQlTesterContextCustomizer@e8df99a, org.springframework.boot.test.json.DuplicateJsonObjectContextCustomizerFactory$DuplicateJsonObjectContextCustomizer@12ed9db6, org.springframework.boot.test.mock.mockito.MockitoContextCustomizer@0, org.springframework.boot.test.web.client.TestRestTemplateContextCustomizer@4d9ac0b4, org.springframework.boot.test.context.SpringBootTestArgs@1, org.springframework.boot.test.context.SpringBootTestWebEnvironment@48f278eb], resourceBasePath = 'src/main/webapp', contextLoader = 'org.springframework.boot.test.context.SpringBootContextLoader', parent = [null]], attributes = map['org.springframework.test.context.web.ServletTestExecutionListener.activateListener' -> true]], class annotated with @DirtiesContext [false] with mode [null].

  .   ____          _            __ _ _
 /\\ / ___'_ __ _ _(_)_ __  __ _ \ \ \ \
( ( )\___ | '_ | '_| | '_ \/ _` | \ \ \ \
 \\/  ___)| |_)| | | | | || (_| |  ) ) ) )
  '  |____| .__|_| |_|_| |_\__, | / / / /
 =========|_|==============|___/=/_/_/_/
 :: Spring Boot ::                (v2.7.8)

2023-03-15 15:45:00.598  INFO 328 --- [    Test worker] c.u.fe.cv02.service.AppUserServiceTest   : Starting AppUserServiceTest using Java 17.0.6 on DESKTOP-D3EE51F with PID 328 (started by duffi4545 in C:\Users\duffi4545\Desktop\upce\2_sem\webové aplikace\ucitel\nnpia-cv04-main)
2023-03-15 15:45:00.602  INFO 328 --- [    Test worker] c.u.fe.cv02.service.AppUserServiceTest   : No active profile set, falling back to 1 default profile: "default"
2023-03-15 15:45:04.239  INFO 328 --- [    Test worker] .s.d.r.c.RepositoryConfigurationDelegate : Bootstrapping Spring Data JPA repositories in DEFAULT mode.
2023-03-15 15:45:05.182  INFO 328 --- [    Test worker] .s.d.r.c.RepositoryConfigurationDelegate : Finished Spring Data repository scanning in 891 ms. Found 2 JPA repository interfaces.
2023-03-15 15:45:07.346  INFO 328 --- [    Test worker] o.hibernate.jpa.internal.util.LogHelper  : HHH000204: Processing PersistenceUnitInfo [name: default]
2023-03-15 15:45:07.612  INFO 328 --- [    Test worker] org.hibernate.Version                    : HHH000412: Hibernate ORM core version 5.6.14.Final
2023-03-15 15:45:08.208  INFO 328 --- [    Test worker] o.hibernate.annotations.common.Version   : HCANN000001: Hibernate Commons Annotations {5.1.2.Final}
2023-03-15 15:45:08.529  INFO 328 --- [    Test worker] com.zaxxer.hikari.HikariDataSource       : HikariPool-1 - Starting...
2023-03-15 15:45:09.298  INFO 328 --- [    Test worker] com.zaxxer.hikari.HikariDataSource       : HikariPool-1 - Start completed.
2023-03-15 15:45:09.442  INFO 328 --- [    Test worker] org.hibernate.dialect.Dialect            : HHH000400: Using dialect: org.hibernate.dialect.H2Dialect
2023-03-15 15:45:11.268  INFO 328 --- [    Test worker] o.h.e.t.j.p.i.JtaPlatformInitiator       : HHH000490: Using JtaPlatform implementation: [org.hibernate.engine.transaction.jta.platform.internal.NoJtaPlatform]
2023-03-15 15:45:11.283  INFO 328 --- [    Test worker] j.LocalContainerEntityManagerFactoryBean : Initialized JPA EntityManagerFactory for persistence unit 'default'
2023-03-15 15:45:12.950  WARN 328 --- [    Test worker] JpaBaseConfiguration$JpaWebConfiguration : spring.jpa.open-in-view is enabled by default. Therefore, database queries may be performed during view rendering. Explicitly configure spring.jpa.open-in-view to disable this warning
2023-03-15 15:45:14.942  INFO 328 --- [    Test worker] s.b.a.g.s.GraphQlWebMvcAutoConfiguration : GraphQL endpoint HTTP POST /graphql
2023-03-15 15:45:15.499  INFO 328 --- [    Test worker] c.u.fe.cv02.service.AppUserServiceTest   : Started AppUserServiceTest in 15.955 seconds (JVM running for 19.405)
2023-03-15 15:45:16.027  INFO 328 --- [    Test worker] o.s.t.c.transaction.TransactionContext   : Began transaction (1) for test context [DefaultTestContext@31024624 testClass = AppUserServiceTest, testInstance = cz.upce.fe.cv02.service.AppUserServiceTest@7a59780b, testMethod = findById@AppUserServiceTest, testException = [null], mergedContextConfiguration = [WebMergedContextConfiguration@25bcd0c7 testClass = AppUserServiceTest, locations = '{}', classes = '{class cz.upce.fe.cv02.Cv02Application}', contextInitializerClasses = '[]', activeProfiles = '{}', propertySourceLocations = '{}', propertySourceProperties = '{org.springframework.boot.test.context.SpringBootTestContextBootstrapper=true}', contextCustomizers = set[org.springframework.boot.test.autoconfigure.actuate.metrics.MetricsExportContextCustomizerFactory$DisableMetricExportContextCustomizer@4b3ed2f0, org.springframework.boot.test.autoconfigure.properties.PropertyMappingContextCustomizer@0, org.springframework.boot.test.autoconfigure.web.servlet.WebDriverContextCustomizerFactory$Customizer@59b38691, org.springframework.boot.test.context.filter.ExcludeFilterContextCustomizer@7502291e, org.springframework.boot.test.graphql.tester.HttpGraphQlTesterContextCustomizer@e8df99a, org.springframework.boot.test.json.DuplicateJsonObjectContextCustomizerFactory$DuplicateJsonObjectContextCustomizer@12ed9db6, org.springframework.boot.test.mock.mockito.MockitoContextCustomizer@0, org.springframework.boot.test.web.client.TestRestTemplateContextCustomizer@4d9ac0b4, org.springframework.boot.test.context.SpringBootTestArgs@1, org.springframework.boot.test.context.SpringBootTestWebEnvironment@48f278eb], resourceBasePath = 'src/main/webapp', contextLoader = 'org.springframework.boot.test.context.SpringBootContextLoader', parent = [null]], attributes = map['org.springframework.test.context.web.ServletTestExecutionListener.activateListener' -> true, 'org.springframework.test.context.web.ServletTestExecutionListener.populatedRequestContextHolder' -> true, 'org.springframework.test.context.web.ServletTestExecutionListener.resetRequestContextHolder' -> true, 'org.springframework.test.context.event.ApplicationEventsTestExecutionListener.recordApplicationEvents' -> false]]; transaction manager [org.springframework.orm.jpa.JpaTransactionManager@ec67be1]; rollback [true]
2023-03-15 15:45:16.629  INFO 328 --- [    Test worker] o.s.t.c.transaction.TransactionContext   : Rolled back transaction for test: [DefaultTestContext@31024624 testClass = AppUserServiceTest, testInstance = cz.upce.fe.cv02.service.AppUserServiceTest@7a59780b, testMethod = findById@AppUserServiceTest, testException = [null], mergedContextConfiguration = [WebMergedContextConfiguration@25bcd0c7 testClass = AppUserServiceTest, locations = '{}', classes = '{class cz.upce.fe.cv02.Cv02Application}', contextInitializerClasses = '[]', activeProfiles = '{}', propertySourceLocations = '{}', propertySourceProperties = '{org.springframework.boot.test.context.SpringBootTestContextBootstrapper=true}', contextCustomizers = set[org.springframework.boot.test.autoconfigure.actuate.metrics.MetricsExportContextCustomizerFactory$DisableMetricExportContextCustomizer@4b3ed2f0, org.springframework.boot.test.autoconfigure.properties.PropertyMappingContextCustomizer@0, org.springframework.boot.test.autoconfigure.web.servlet.WebDriverContextCustomizerFactory$Customizer@59b38691, org.springframework.boot.test.context.filter.ExcludeFilterContextCustomizer@7502291e, org.springframework.boot.test.graphql.tester.HttpGraphQlTesterContextCustomizer@e8df99a, org.springframework.boot.test.json.DuplicateJsonObjectContextCustomizerFactory$DuplicateJsonObjectContextCustomizer@12ed9db6, org.springframework.boot.test.mock.mockito.MockitoContextCustomizer@0, org.springframework.boot.test.web.client.TestRestTemplateContextCustomizer@4d9ac0b4, org.springframework.boot.test.context.SpringBootTestArgs@1, org.springframework.boot.test.context.SpringBootTestWebEnvironment@48f278eb], resourceBasePath = 'src/main/webapp', contextLoader = 'org.springframework.boot.test.context.SpringBootContextLoader', parent = [null]], attributes = map['org.springframework.test.context.web.ServletTestExecutionListener.activateListener' -> true, 'org.springframework.test.context.web.ServletTestExecutionListener.populatedRequestContextHolder' -> true, 'org.springframework.test.context.web.ServletTestExecutionListener.resetRequestContextHolder' -> true, 'org.springframework.test.context.event.ApplicationEventsTestExecutionListener.recordApplicationEvents' -> false]]
]]></system-out>
  <system-err><![CDATA[]]></system-err>
</testsuite>
