<?xml version="1.0" encoding="UTF-8"?>
<testsuite name="cz.upce.fe.cv02.service.AppUserServiceTest" tests="1" skipped="0" failures="0" errors="0" timestamp="2023-03-15T13:50:01" hostname="DESKTOP-D3EE51F" time="0.144">
  <properties/>
  <testcase name="findById()" classname="cz.upce.fe.cv02.service.AppUserServiceTest" time="0.144"/>
  <system-out><![CDATA[14:49:43.374 [Test worker] DEBUG org.springframework.test.context.BootstrapUtils - Instantiating CacheAwareContextLoaderDelegate from class [org.springframework.test.context.cache.DefaultCacheAwareContextLoaderDelegate]
14:49:43.397 [Test worker] DEBUG org.springframework.test.context.BootstrapUtils - Instantiating BootstrapContext using constructor [public org.springframework.test.context.support.DefaultBootstrapContext(java.lang.Class,org.springframework.test.context.CacheAwareContextLoaderDelegate)]
14:49:43.486 [Test worker] DEBUG org.springframework.test.context.BootstrapUtils - Instantiating TestContextBootstrapper for test class [cz.upce.fe.cv02.service.AppUserServiceTest] from class [org.springframework.boot.test.context.SpringBootTestContextBootstrapper]
14:49:43.510 [Test worker] INFO org.springframework.boot.test.context.SpringBootTestContextBootstrapper - Neither @ContextConfiguration nor @ContextHierarchy found for test class [cz.upce.fe.cv02.service.AppUserServiceTest], using SpringBootContextLoader
14:49:43.522 [Test worker] DEBUG org.springframework.test.context.support.AbstractContextLoader - Did not detect default resource location for test class [cz.upce.fe.cv02.service.AppUserServiceTest]: class path resource [cz/upce/fe/cv02/service/AppUserServiceTest-context.xml] does not exist
14:49:43.524 [Test worker] DEBUG org.springframework.test.context.support.AbstractContextLoader - Did not detect default resource location for test class [cz.upce.fe.cv02.service.AppUserServiceTest]: class path resource [cz/upce/fe/cv02/service/AppUserServiceTestContext.groovy] does not exist
14:49:43.524 [Test worker] INFO org.springframework.test.context.support.AbstractContextLoader - Could not detect default resource locations for test class [cz.upce.fe.cv02.service.AppUserServiceTest]: no resource found for suffixes {-context.xml, Context.groovy}.
14:49:43.527 [Test worker] INFO org.springframework.test.context.support.AnnotationConfigContextLoaderUtils - Could not detect default configuration classes for test class [cz.upce.fe.cv02.service.AppUserServiceTest]: AppUserServiceTest does not declare any static, non-private, non-final, nested classes annotated with @Configuration.
14:49:43.651 [Test worker] DEBUG org.springframework.test.context.support.ActiveProfilesUtils - Could not find an 'annotation declaring class' for annotation type [org.springframework.test.context.ActiveProfiles] and class [cz.upce.fe.cv02.service.AppUserServiceTest]
14:49:43.856 [Test worker] DEBUG org.springframework.context.annotation.ClassPathScanningCandidateComponentProvider - Identified candidate component class: file [C:\Users\duffi4545\Desktop\upce\2_sem\webové aplikace\ucitel\nnpia-cv04-main\build\classes\java\main\cz\upce\fe\cv02\Cv02Application.class]
14:49:43.859 [Test worker] INFO org.springframework.boot.test.context.SpringBootTestContextBootstrapper - Found @SpringBootConfiguration cz.upce.fe.cv02.Cv02Application for test class cz.upce.fe.cv02.service.AppUserServiceTest
14:49:44.301 [Test worker] DEBUG org.springframework.boot.test.context.SpringBootTestContextBootstrapper - @TestExecutionListeners is not present for class [cz.upce.fe.cv02.service.AppUserServiceTest]: using defaults.
14:49:44.305 [Test worker] INFO org.springframework.boot.test.context.SpringBootTestContextBootstrapper - Loaded default TestExecutionListener class names from location [META-INF/spring.factories]: [org.springframework.boot.test.autoconfigure.restdocs.RestDocsTestExecutionListener, org.springframework.boot.test.autoconfigure.web.client.MockRestServiceServerResetTestExecutionListener, org.springframework.boot.test.autoconfigure.web.servlet.MockMvcPrintOnlyOnFailureTestExecutionListener, org.springframework.boot.test.autoconfigure.web.servlet.WebDriverTestExecutionListener, org.springframework.boot.test.autoconfigure.webservices.client.MockWebServiceServerTestExecutionListener, org.springframework.boot.test.mock.mockito.MockitoTestExecutionListener, org.springframework.boot.test.mock.mockito.ResetMocksTestExecutionListener, org.springframework.test.context.web.ServletTestExecutionListener, org.springframework.test.context.support.DirtiesContextBeforeModesTestExecutionListener, org.springframework.test.context.event.ApplicationEventsTestExecutionListener, org.springframework.test.context.support.DependencyInjectionTestExecutionListener, org.springframework.test.context.support.DirtiesContextTestExecutionListener, org.springframework.test.context.transaction.TransactionalTestExecutionListener, org.springframework.test.context.jdbc.SqlScriptsTestExecutionListener, org.springframework.test.context.event.EventPublishingTestExecutionListener]
14:49:44.358 [Test worker] INFO org.springframework.boot.test.context.SpringBootTestContextBootstrapper - Using TestExecutionListeners: [org.springframework.test.context.web.ServletTestExecutionListener@2f162cc0, org.springframework.test.context.support.DirtiesContextBeforeModesTestExecutionListener@5df417a7, org.springframework.test.context.event.ApplicationEventsTestExecutionListener@7c041b41, org.springframework.boot.test.mock.mockito.MockitoTestExecutionListener@7f69d591, org.springframework.boot.test.autoconfigure.SpringBootDependencyInjectionTestExecutionListener@61078690, org.springframework.test.context.support.DirtiesContextTestExecutionListener@1cb3ec38, org.springframework.test.context.transaction.TransactionalTestExecutionListener@403132fc, org.springframework.test.context.jdbc.SqlScriptsTestExecutionListener@71c5b236, org.springframework.test.context.event.EventPublishingTestExecutionListener@2cab9998, org.springframework.boot.test.autoconfigure.restdocs.RestDocsTestExecutionListener@2f7a7219, org.springframework.boot.test.autoconfigure.web.client.MockRestServiceServerResetTestExecutionListener@669513d8, org.springframework.boot.test.autoconfigure.web.servlet.MockMvcPrintOnlyOnFailureTestExecutionListener@3a1d593e, org.springframework.boot.test.autoconfigure.web.servlet.WebDriverTestExecutionListener@4a8a60bc, org.springframework.boot.test.autoconfigure.webservices.client.MockWebServiceServerTestExecutionListener@361c294e, org.springframework.boot.test.mock.mockito.ResetMocksTestExecutionListener@7859e786]
14:49:44.367 [Test worker] DEBUG org.springframework.test.context.support.AbstractDirtiesContextTestExecutionListener - Before test class: context [DefaultTestContext@77307458 testClass = AppUserServiceTest, testInstance = [null], testMethod = [null], testException = [null], mergedContextConfiguration = [WebMergedContextConfiguration@1fc0053e testClass = AppUserServiceTest, locations = '{}', classes = '{class cz.upce.fe.cv02.Cv02Application}', contextInitializerClasses = '[]', activeProfiles = '{}', propertySourceLocations = '{}', propertySourceProperties = '{org.springframework.boot.test.context.SpringBootTestContextBootstrapper=true}', contextCustomizers = set[org.springframework.boot.test.autoconfigure.actuate.metrics.MetricsExportContextCustomizerFactory$DisableMetricExportContextCustomizer@63798ca7, org.springframework.boot.test.autoconfigure.properties.PropertyMappingContextCustomizer@0, org.springframework.boot.test.autoconfigure.web.servlet.WebDriverContextCustomizerFactory$Customizer@2eee3069, org.springframework.boot.test.context.filter.ExcludeFilterContextCustomizer@13d9b21f, org.springframework.boot.test.graphql.tester.HttpGraphQlTesterContextCustomizer@497486b3, org.springframework.boot.test.json.DuplicateJsonObjectContextCustomizerFactory$DuplicateJsonObjectContextCustomizer@635572a7, org.springframework.boot.test.mock.mockito.MockitoContextCustomizer@bb9740cb, org.springframework.boot.test.web.client.TestRestTemplateContextCustomizer@758705fa, org.springframework.boot.test.context.SpringBootTestArgs@1, org.springframework.boot.test.context.SpringBootTestWebEnvironment@28f2a10f], resourceBasePath = 'src/main/webapp', contextLoader = 'org.springframework.boot.test.context.SpringBootContextLoader', parent = [null]], attributes = map['org.springframework.test.context.web.ServletTestExecutionListener.activateListener' -> true]], class annotated with @DirtiesContext [false] with mode [null].

  .   ____          _            __ _ _
 /\\ / ___'_ __ _ _(_)_ __  __ _ \ \ \ \
( ( )\___ | '_ | '_| | '_ \/ _` | \ \ \ \
 \\/  ___)| |_)| | | | | || (_| |  ) ) ) )
  '  |____| .__|_| |_|_| |_\__, | / / / /
 =========|_|==============|___/=/_/_/_/
 :: Spring Boot ::                (v2.7.8)

2023-03-15 14:49:45.453  INFO 5964 --- [    Test worker] c.u.fe.cv02.service.AppUserServiceTest   : Starting AppUserServiceTest using Java 17.0.6 on DESKTOP-D3EE51F with PID 5964 (started by duffi4545 in C:\Users\duffi4545\Desktop\upce\2_sem\webové aplikace\ucitel\nnpia-cv04-main)
2023-03-15 14:49:45.460  INFO 5964 --- [    Test worker] c.u.fe.cv02.service.AppUserServiceTest   : No active profile set, falling back to 1 default profile: "default"
2023-03-15 14:49:48.212  INFO 5964 --- [    Test worker] .s.d.r.c.RepositoryConfigurationDelegate : Bootstrapping Spring Data JPA repositories in DEFAULT mode.
2023-03-15 14:49:48.742  INFO 5964 --- [    Test worker] .s.d.r.c.RepositoryConfigurationDelegate : Finished Spring Data repository scanning in 486 ms. Found 2 JPA repository interfaces.
2023-03-15 14:49:51.898  INFO 5964 --- [    Test worker] o.hibernate.jpa.internal.util.LogHelper  : HHH000204: Processing PersistenceUnitInfo [name: default]
2023-03-15 14:49:52.179  INFO 5964 --- [    Test worker] org.hibernate.Version                    : HHH000412: Hibernate ORM core version 5.6.14.Final
2023-03-15 14:49:52.311  INFO 5964 --- [    Test worker] o.hibernate.annotations.common.Version   : HCANN000001: Hibernate Commons Annotations {5.1.2.Final}
2023-03-15 14:49:52.623  INFO 5964 --- [    Test worker] com.zaxxer.hikari.HikariDataSource       : HikariPool-1 - Starting...
2023-03-15 14:49:53.016  INFO 5964 --- [    Test worker] com.zaxxer.hikari.HikariDataSource       : HikariPool-1 - Start completed.
2023-03-15 14:49:53.091  INFO 5964 --- [    Test worker] org.hibernate.dialect.Dialect            : HHH000400: Using dialect: org.hibernate.dialect.PostgreSQL10Dialect
2023-03-15 14:49:54.749  INFO 5964 --- [    Test worker] o.h.e.t.j.p.i.JtaPlatformInitiator       : HHH000490: Using JtaPlatform implementation: [org.hibernate.engine.transaction.jta.platform.internal.NoJtaPlatform]
2023-03-15 14:49:54.773  INFO 5964 --- [    Test worker] j.LocalContainerEntityManagerFactoryBean : Initialized JPA EntityManagerFactory for persistence unit 'default'
2023-03-15 14:49:57.188  WARN 5964 --- [    Test worker] JpaBaseConfiguration$JpaWebConfiguration : spring.jpa.open-in-view is enabled by default. Therefore, database queries may be performed during view rendering. Explicitly configure spring.jpa.open-in-view to disable this warning
2023-03-15 14:50:00.192  INFO 5964 --- [    Test worker] s.b.a.g.s.GraphQlWebMvcAutoConfiguration : GraphQL endpoint HTTP POST /graphql
2023-03-15 14:50:01.265  INFO 5964 --- [    Test worker] c.u.fe.cv02.service.AppUserServiceTest   : Started AppUserServiceTest in 16.827 seconds (JVM running for 20.38)
]]></system-out>
  <system-err><![CDATA[]]></system-err>
</testsuite>
